<?xml version="1.0" encoding="UTF-8"?>
<testng-results ignored="0" total="4" passed="4" failed="0" skipped="0">
  <reporter-output>
    <line>
      <![CDATA[Get SuiteConnections Done Sucessful]]>
    </line>
    <line>
      <![CDATA[Precondition Done Sucessful]]>
    </line>
    <line>
      <![CDATA[BrowserSetup:chromeSucessful]]>
    </line>
    <line>
      <![CDATA[login Sucessful]]>
    </line>
    <line>
      <![CDATA[Register valid data success]]>
    </line>
    <line>
      <![CDATA[Logout Sucessful]]>
    </line>
    <line>
      <![CDATA[login Sucessful]]>
    </line>
    <line>
      <![CDATA[validated sucess]]>
    </line>
    <line>
      <![CDATA[Logout Sucessful]]>
    </line>
    <line>
      <![CDATA[login Sucessful]]>
    </line>
    <line>
      <![CDATA[validated sucess]]>
    </line>
    <line>
      <![CDATA[Logout Sucessful]]>
    </line>
    <line>
      <![CDATA[login Sucessful]]>
    </line>
    <line>
      <![CDATA[validated sucess]]>
    </line>
    <line>
      <![CDATA[Logout Sucessful]]>
    </line>
    <line>
      <![CDATA[Closebrowser Sucessful]]>
    </line>
    <line>
      <![CDATA[postcondition Done Sucessful]]>
    </line>
    <line>
      <![CDATA[Terminate Suiteconnection Done Sucessful]]>
    </line>
  </reporter-output>
  <suite started-at="2024-09-11T16:47:42 IST" name="FunctionaityTestSuite" finished-at="2024-09-11T16:47:51 IST" duration-ms="8413">
    <groups>
    </groups>
    <test started-at="2024-09-11T16:47:42 IST" name="Test" finished-at="2024-09-11T16:47:51 IST" duration-ms="8413">
      <class name="com.myntrajio.RegisterTest.RegisterTest">
        <test-method is-config="true" signature="getSuiteConnections()[pri:0, instance:com.myntrajio.RegisterTest.RegisterTest@3270d194]" started-at="2024-09-11T16:47:42 IST" name="getSuiteConnections" finished-at="2024-09-11T16:47:42 IST" duration-ms="27" status="PASS">
          <reporter-output>
            <line>
              <![CDATA[Get SuiteConnections Done Sucessful]]>
            </line>
          </reporter-output>
        </test-method> <!-- getSuiteConnections -->
        <test-method is-config="true" signature="precondition()[pri:0, instance:com.myntrajio.RegisterTest.RegisterTest@3270d194]" started-at="2024-09-11T16:47:42 IST" name="precondition" finished-at="2024-09-11T16:47:43 IST" duration-ms="564" status="PASS">
          <reporter-output>
            <line>
              <![CDATA[Precondition Done Sucessful]]>
            </line>
          </reporter-output>
        </test-method> <!-- precondition -->
        <test-method is-config="true" signature="browserSetup(java.lang.String)[pri:0, instance:com.myntrajio.RegisterTest.RegisterTest@3270d194]" started-at="2024-09-11T16:47:43 IST" name="browserSetup" finished-at="2024-09-11T16:47:46 IST" duration-ms="3490" status="PASS">
          <params>
            <param index="0">
              <value>
                <![CDATA[chrome]]>
              </value>
            </param>
          </params>
          <reporter-output>
            <line>
              <![CDATA[BrowserSetup:chromeSucessful]]>
            </line>
          </reporter-output>
        </test-method> <!-- browserSetup -->
        <test-method is-config="true" signature="login()[pri:0, instance:com.myntrajio.RegisterTest.RegisterTest@3270d194]" started-at="2024-09-11T16:47:47 IST" name="login" finished-at="2024-09-11T16:47:47 IST" duration-ms="1" status="PASS">
          <reporter-output>
            <line>
              <![CDATA[login Sucessful]]>
            </line>
          </reporter-output>
        </test-method> <!-- login -->
        <test-method signature="RegisterValidData()[pri:0, instance:com.myntrajio.RegisterTest.RegisterTest@3270d194]" started-at="2024-09-11T16:47:47 IST" name="RegisterValidData" finished-at="2024-09-11T16:47:50 IST" duration-ms="3092" status="PASS">
          <reporter-output>
            <line>
              <![CDATA[Register valid data success]]>
            </line>
          </reporter-output>
        </test-method> <!-- RegisterValidData -->
        <test-method is-config="true" signature="Logout()[pri:0, instance:com.myntrajio.RegisterTest.RegisterTest@3270d194]" started-at="2024-09-11T16:47:50 IST" name="Logout" finished-at="2024-09-11T16:47:50 IST" duration-ms="1" status="PASS">
          <reporter-output>
            <line>
              <![CDATA[Logout Sucessful]]>
            </line>
          </reporter-output>
        </test-method> <!-- Logout -->
        <test-method is-config="true" signature="login()[pri:0, instance:com.myntrajio.RegisterTest.RegisterTest@3270d194]" started-at="2024-09-11T16:47:50 IST" name="login" finished-at="2024-09-11T16:47:50 IST" duration-ms="1" status="PASS">
          <reporter-output>
            <line>
              <![CDATA[login Sucessful]]>
            </line>
          </reporter-output>
        </test-method> <!-- login -->
        <test-method signature="ValidateRegisterButtonColor()[pri:0, instance:com.myntrajio.RegisterTest.RegisterTest@3270d194]" started-at="2024-09-11T16:47:50 IST" name="ValidateRegisterButtonColor" finished-at="2024-09-11T16:47:50 IST" duration-ms="2" status="PASS">
          <reporter-output>
            <line>
              <![CDATA[validated sucess]]>
            </line>
          </reporter-output>
        </test-method> <!-- ValidateRegisterButtonColor -->
        <test-method is-config="true" signature="Logout()[pri:0, instance:com.myntrajio.RegisterTest.RegisterTest@3270d194]" started-at="2024-09-11T16:47:50 IST" name="Logout" finished-at="2024-09-11T16:47:50 IST" duration-ms="2" status="PASS">
          <reporter-output>
            <line>
              <![CDATA[Logout Sucessful]]>
            </line>
          </reporter-output>
        </test-method> <!-- Logout -->
        <test-method is-config="true" signature="login()[pri:0, instance:com.myntrajio.RegisterTest.RegisterTest@3270d194]" started-at="2024-09-11T16:47:50 IST" name="login" finished-at="2024-09-11T16:47:50 IST" duration-ms="1" status="PASS">
          <reporter-output>
            <line>
              <![CDATA[login Sucessful]]>
            </line>
          </reporter-output>
        </test-method> <!-- login -->
        <test-method signature="ValidateRegisterButtonPosition()[pri:0, instance:com.myntrajio.RegisterTest.RegisterTest@3270d194]" started-at="2024-09-11T16:47:50 IST" name="ValidateRegisterButtonPosition" finished-at="2024-09-11T16:47:50 IST" duration-ms="7" status="PASS">
          <reporter-output>
            <line>
              <![CDATA[validated sucess]]>
            </line>
          </reporter-output>
        </test-method> <!-- ValidateRegisterButtonPosition -->
        <test-method is-config="true" signature="Logout()[pri:0, instance:com.myntrajio.RegisterTest.RegisterTest@3270d194]" started-at="2024-09-11T16:47:50 IST" name="Logout" finished-at="2024-09-11T16:47:50 IST" duration-ms="0" status="PASS">
          <reporter-output>
            <line>
              <![CDATA[Logout Sucessful]]>
            </line>
          </reporter-output>
        </test-method> <!-- Logout -->
        <test-method is-config="true" signature="login()[pri:0, instance:com.myntrajio.RegisterTest.RegisterTest@3270d194]" started-at="2024-09-11T16:47:50 IST" name="login" finished-at="2024-09-11T16:47:50 IST" duration-ms="3" status="PASS">
          <reporter-output>
            <line>
              <![CDATA[login Sucessful]]>
            </line>
          </reporter-output>
        </test-method> <!-- login -->
        <test-method signature="ValidateRegisterButtonSize()[pri:0, instance:com.myntrajio.RegisterTest.RegisterTest@3270d194]" started-at="2024-09-11T16:47:50 IST" name="ValidateRegisterButtonSize" finished-at="2024-09-11T16:47:50 IST" duration-ms="5" status="PASS">
          <reporter-output>
            <line>
              <![CDATA[validated sucess]]>
            </line>
          </reporter-output>
        </test-method> <!-- ValidateRegisterButtonSize -->
        <test-method is-config="true" signature="Logout()[pri:0, instance:com.myntrajio.RegisterTest.RegisterTest@3270d194]" started-at="2024-09-11T16:47:50 IST" name="Logout" finished-at="2024-09-11T16:47:50 IST" duration-ms="0" status="PASS">
          <reporter-output>
            <line>
              <![CDATA[Logout Sucessful]]>
            </line>
          </reporter-output>
        </test-method> <!-- Logout -->
        <test-method is-config="true" signature="closebrowser()[pri:0, instance:com.myntrajio.RegisterTest.RegisterTest@3270d194]" started-at="2024-09-11T16:47:50 IST" name="closebrowser" finished-at="2024-09-11T16:47:50 IST" duration-ms="518" status="PASS">
          <reporter-output>
            <line>
              <![CDATA[Closebrowser Sucessful]]>
            </line>
          </reporter-output>
        </test-method> <!-- closebrowser -->
        <test-method is-config="true" signature="postcondition()[pri:0, instance:com.myntrajio.RegisterTest.RegisterTest@3270d194]" started-at="2024-09-11T16:47:50 IST" name="postcondition" finished-at="2024-09-11T16:47:51 IST" duration-ms="600" status="PASS">
          <reporter-output>
            <line>
              <![CDATA[postcondition Done Sucessful]]>
            </line>
          </reporter-output>
        </test-method> <!-- postcondition -->
        <test-method is-config="true" signature="terminateSuiteconnection()[pri:0, instance:com.myntrajio.RegisterTest.RegisterTest@3270d194]" started-at="2024-09-11T16:47:51 IST" name="terminateSuiteconnection" finished-at="2024-09-11T16:47:51 IST" duration-ms="0" status="PASS">
          <reporter-output>
            <line>
              <![CDATA[Terminate Suiteconnection Done Sucessful]]>
            </line>
          </reporter-output>
        </test-method> <!-- terminateSuiteconnection -->
      </class> <!-- com.myntrajio.RegisterTest.RegisterTest -->
    </test> <!-- Test -->
  </suite> <!-- FunctionaityTestSuite -->
</testng-results>
