<?xml version="1.0" encoding="UTF-8"?>
<!-- Generated by org.testng.reporters.JUnitXMLReporter -->
<testsuite ignored="0" hostname="Sravani" failures="0" tests="4" name="Test" time="8.413" errors="0" timestamp="2024-09-11T16:47:51 IST">
  <testcase classname="com.myntrajio.RegisterTest.RegisterTest" name="RegisterValidData" time="3.092"/>
  <testcase classname="com.myntrajio.RegisterTest.RegisterTest" name="ValidateRegisterButtonColor" time="0.002"/>
  <testcase classname="com.myntrajio.RegisterTest.RegisterTest" name="ValidateRegisterButtonPosition" time="0.007"/>
  <testcase classname="com.myntrajio.RegisterTest.RegisterTest" name="ValidateRegisterButtonSize" time="0.005"/>
</testsuite> <!-- Test -->
