<?xml version="1.0" encoding="UTF-8"?>
<!-- Generated by org.testng.reporters.JUnitXMLReporter -->
<testsuite ignored="0" hostname="Sravani" failures="0" tests="4" name="Test" time="10.703" errors="0" timestamp="2024-09-12T10:03:03 IST">
  <testcase classname="com.myntrajio.RegisterTest.RegisterTest" name="registerValidData" time="3.355"/>
  <testcase classname="com.myntrajio.RegisterTest.RegisterTest" name="validateRegisterButtonColor" time="0.003"/>
  <testcase classname="com.myntrajio.RegisterTest.RegisterTest" name="validateRegisterButtonPosition" time="0.01"/>
  <testcase classname="com.myntrajio.RegisterTest.RegisterTest" name="validateRegisterButtonSize" time="0.006"/>
</testsuite> <!-- Test -->
